STL translation to Solid Edge
Date: 금요일,2월 20,2026 05:47오후
Source File:E:\mujoco_projects\ingenuity-mujoco\assets\mhs_topblades_v16.stl
Author: Unknown
Organization: Unknown
Source System: DEX

Hardware:
Processor: 11th Gen Intel(R) Core(TM) i7-11700K @ 3.60GHz
Operating System: Windows 10 Professional
Installed Memory: 31.79 GB

Software Information:
Parasolid Version: 38.0.150
PSBodyshop Version: 38.0.111
STL Adapter Version: 1700.0.0
Solid Edge Version: 226.00.01.004 x64

STL Import Options
Heal Mesh Faults:Off
Make Base Feature:On
Enable Logging:On

Translation progress:
Translation process completed
Time required to translate:00 : 00 : 01
